[0m2021.12.31 10:25:30 INFO  Started: Metals version 0.10.9 in workspace '/Users/youwin2152/Desktop/dfinity/hackthon_platform_backend' for client Visual Studio Code 1.63.2.[0m
[0m2021.12.31 10:25:32 INFO  time: initialize in 1.55s[0m
[0m2021.12.31 10:25:32 WARN  Build server is not auto-connectable.[0m
[0m2021.12.31 10:25:32 WARN  no build tool detected in workspace '/Users/youwin2152/Desktop/dfinity/hackthon_platform_backend'. The most common cause for this problem is that the editor was opened in the wrong working directory, for example if you use sbt then the workspace directory should contain build.sbt. [0m
[0m2021.12.31 10:25:32 WARN  no build target for: /Users/youwin2152/Desktop/李程_2101213055_作业四/代码/PageRank_Spark.scala[0m
[0m2021.12.31 10:25:42 INFO  no build target: using presentation compiler with only scala-library: 3.1.0[0m
[0m2021.12.31 10:26:01 INFO  time: code lens generation in 27s[0m
[0m2021.12.31 10:26:01 INFO  time: code lens generation in 25s[0m
[0m2021.12.31 10:35:23 WARN  no build target for: /Users/youwin2152/Desktop/李程_2101213055_作业四/代码/PageRank_Spark.scala[0m
Exception in thread "pool-3-thread-1" java.nio.file.AccessDeniedException: ./.dfx/state/replicated_state/node-100/crypto
	at java.base/sun.nio.fs.UnixException.translateToIOException(UnixException.java:90)
	at java.base/sun.nio.fs.UnixException.rethrowAsIOException(UnixException.java:106)
	at java.base/sun.nio.fs.UnixException.rethrowAsIOException(UnixException.java:111)
	at java.base/sun.nio.fs.UnixFileSystemProvider.newDirectoryStream(UnixFileSystemProvider.java:419)
	at java.base/java.nio.file.Files.newDirectoryStream(Files.java:476)
	at java.base/java.nio.file.FileTreeWalker.visit(FileTreeWalker.java:300)
	at java.base/java.nio.file.FileTreeWalker.next(FileTreeWalker.java:373)
	at java.base/java.nio.file.Files.walkFileTree(Files.java:2840)
	at java.base/java.nio.file.Files.walkFileTree(Files.java:2876)
	at dotty.tools.dotc.interactive.InteractiveDriver.classesFromDir(InteractiveDriver.scala:246)
	at dotty.tools.dotc.interactive.InteractiveDriver.sourceTreesContaining(InteractiveDriver.scala:114)
	at dotty.tools.dotc.interactive.Interactive$.findDefinitions$$anonfun$1(Interactive.scala:366)
	at scala.collection.immutable.List.flatMap(List.scala:293)
	at dotty.tools.dotc.interactive.Interactive$.findDefinitions(Interactive.scala:367)
	at scala.meta.internal.pc.PcDefinitionProvider.findDefinitions(PcDefinitionProvider.scala:76)
	at scala.meta.internal.pc.PcDefinitionProvider.definitions(PcDefinitionProvider.scala:60)
	at scala.meta.internal.pc.ScalaPresentationCompiler.definition$$anonfun$1(ScalaPresentationCompiler.scala:207)
	at scala.meta.internal.pc.CompilerAccess.withSharedCompiler(CompilerAccess.scala:137)
	at scala.meta.internal.pc.CompilerAccess.withNonInterruptableCompiler$$anonfun$1(CompilerAccess.scala:125)
	at scala.meta.internal.pc.CompilerAccess.onCompilerJobQueue$$anonfun$1(CompilerAccess.scala:197)
	at scala.meta.internal.pc.CompilerJobQueue$Job.run(CompilerJobQueue.scala:139)
	at java.base/java.util.concurrent.ThreadPoolExecutor.runWorker(ThreadPoolExecutor.java:1130)
	at java.base/java.util.concurrent.ThreadPoolExecutor$Worker.run(ThreadPoolExecutor.java:630)
	at java.base/java.lang.Thread.run(Thread.java:831)
[0m2021.12.31 10:35:33 WARN  no build target for: /Users/youwin2152/Desktop/李程_2101213055_作业四/代码/PageRank_Spark.scala[0m
12月 31, 2021 10:35:34 上午 org.eclipse.lsp4j.jsonrpc.RemoteEndpoint handleCancellation
警告: Unmatched cancel notification for request id 57
[0m2021.12.31 10:35:45 WARN  no build target for: /Users/youwin2152/Desktop/李程_2101213055_作业四/代码/PageRank_Spark.scala[0m
[0m2021.12.31 10:36:23 WARN  no build target for: /Users/youwin2152/Desktop/李程_2101213055_作业四/代码/PageRank_Spark.scala[0m
[0m2021.12.31 10:36:32 WARN  no build target for: /Users/youwin2152/Desktop/李程_2101213055_作业四/代码/PageRank_Spark.scala[0m
[0m2021.12.31 10:36:53 WARN  no build target for: /Users/youwin2152/Desktop/李程_2101213055_作业四/代码/PageRank_Spark.scala[0m
[0m2021.12.31 10:39:58 WARN  no build target for: /Users/youwin2152/Desktop/李程_2101213055_作业四/代码/PageRank_Spark.scala[0m
[0m2021.12.31 10:40:00 WARN  no build target for: /Users/youwin2152/Desktop/李程_2101213055_作业四/代码/PageRank_Spark.scala[0m
Exception in thread "pool-3-thread-2" java.nio.file.AccessDeniedException: ./.dfx/state/replicated_state/node-100/crypto
	at java.base/sun.nio.fs.UnixException.translateToIOException(UnixException.java:90)
	at java.base/sun.nio.fs.UnixException.rethrowAsIOException(UnixException.java:106)
	at java.base/sun.nio.fs.UnixException.rethrowAsIOException(UnixException.java:111)
	at java.base/sun.nio.fs.UnixFileSystemProvider.newDirectoryStream(UnixFileSystemProvider.java:419)
	at java.base/java.nio.file.Files.newDirectoryStream(Files.java:476)
	at java.base/java.nio.file.FileTreeWalker.visit(FileTreeWalker.java:300)
	at java.base/java.nio.file.FileTreeWalker.next(FileTreeWalker.java:373)
	at java.base/java.nio.file.Files.walkFileTree(Files.java:2840)
	at java.base/java.nio.file.Files.walkFileTree(Files.java:2876)
	at dotty.tools.dotc.interactive.InteractiveDriver.classesFromDir(InteractiveDriver.scala:246)
	at dotty.tools.dotc.interactive.InteractiveDriver.sourceTreesContaining(InteractiveDriver.scala:114)
	at dotty.tools.dotc.interactive.Interactive$.findDefinitions$$anonfun$1(Interactive.scala:366)
	at scala.collection.immutable.List.flatMap(List.scala:293)
	at dotty.tools.dotc.interactive.Interactive$.findDefinitions(Interactive.scala:367)
	at scala.meta.internal.pc.PcDefinitionProvider.findDefinitions(PcDefinitionProvider.scala:76)
	at scala.meta.internal.pc.PcDefinitionProvider.definitions(PcDefinitionProvider.scala:60)
	at scala.meta.internal.pc.ScalaPresentationCompiler.definition$$anonfun$1(ScalaPresentationCompiler.scala:207)
	at scala.meta.internal.pc.CompilerAccess.withSharedCompiler(CompilerAccess.scala:137)
	at scala.meta.internal.pc.CompilerAccess.withNonInterruptableCompiler$$anonfun$1(CompilerAccess.scala:125)
	at scala.meta.internal.pc.CompilerAccess.onCompilerJobQueue$$anonfun$1(CompilerAccess.scala:197)
	at scala.meta.internal.pc.CompilerJobQueue$Job.run(CompilerJobQueue.scala:139)
	at java.base/java.util.concurrent.ThreadPoolExecutor.runWorker(ThreadPoolExecutor.java:1130)
	at java.base/java.util.concurrent.ThreadPoolExecutor$Worker.run(ThreadPoolExecutor.java:630)
	at java.base/java.lang.Thread.run(Thread.java:831)
[0m2021.12.31 10:41:14 WARN  no build target for: /Users/youwin2152/Desktop/李程_2101213055_作业四/代码/PageRank_Spark.scala[0m
[0m2021.12.31 10:41:21 WARN  no build target for: /Users/youwin2152/Desktop/李程_2101213055_作业四/代码/PageRank_Spark.scala[0m
Exception in thread "pool-3-thread-3" java.nio.file.AccessDeniedException: ./.dfx/state/replicated_state/node-100/crypto
	at java.base/sun.nio.fs.UnixException.translateToIOException(UnixException.java:90)
	at java.base/sun.nio.fs.UnixException.rethrowAsIOException(UnixException.java:106)
	at java.base/sun.nio.fs.UnixException.rethrowAsIOException(UnixException.java:111)
	at java.base/sun.nio.fs.UnixFileSystemProvider.newDirectoryStream(UnixFileSystemProvider.java:419)
	at java.base/java.nio.file.Files.newDirectoryStream(Files.java:476)
	at java.base/java.nio.file.FileTreeWalker.visit(FileTreeWalker.java:300)
	at java.base/java.nio.file.FileTreeWalker.next(FileTreeWalker.java:373)
	at java.base/java.nio.file.Files.walkFileTree(Files.java:2840)
	at java.base/java.nio.file.Files.walkFileTree(Files.java:2876)
	at dotty.tools.dotc.interactive.InteractiveDriver.classesFromDir(InteractiveDriver.scala:246)
	at dotty.tools.dotc.interactive.InteractiveDriver.sourceTreesContaining(InteractiveDriver.scala:114)
	at dotty.tools.dotc.interactive.Interactive$.findDefinitions$$anonfun$1(Interactive.scala:366)
	at scala.collection.immutable.List.flatMap(List.scala:293)
	at dotty.tools.dotc.interactive.Interactive$.findDefinitions(Interactive.scala:367)
	at scala.meta.internal.pc.PcDefinitionProvider.findDefinitions(PcDefinitionProvider.scala:76)
	at scala.meta.internal.pc.PcDefinitionProvider.definitions(PcDefinitionProvider.scala:60)
	at scala.meta.internal.pc.ScalaPresentationCompiler.definition$$anonfun$1(ScalaPresentationCompiler.scala:207)
	at scala.meta.internal.pc.CompilerAccess.withSharedCompiler(CompilerAccess.scala:137)
	at scala.meta.internal.pc.CompilerAccess.withNonInterruptableCompiler$$anonfun$1(CompilerAccess.scala:125)
	at scala.meta.internal.pc.CompilerAccess.onCompilerJobQueue$$anonfun$1(CompilerAccess.scala:197)
	at scala.meta.internal.pc.CompilerJobQueue$Job.run(CompilerJobQueue.scala:139)
	at java.base/java.util.concurrent.ThreadPoolExecutor.runWorker(ThreadPoolExecutor.java:1130)
	at java.base/java.util.concurrent.ThreadPoolExecutor$Worker.run(ThreadPoolExecutor.java:630)
	at java.base/java.lang.Thread.run(Thread.java:831)
Exception in thread "pool-3-thread-4" java.nio.file.AccessDeniedException: ./.dfx/state/replicated_state/node-100/crypto
	at java.base/sun.nio.fs.UnixException.translateToIOException(UnixException.java:90)
	at java.base/sun.nio.fs.UnixException.rethrowAsIOException(UnixException.java:106)
	at java.base/sun.nio.fs.UnixException.rethrowAsIOException(UnixException.java:111)
	at java.base/sun.nio.fs.UnixFileSystemProvider.newDirectoryStream(UnixFileSystemProvider.java:419)
	at java.base/java.nio.file.Files.newDirectoryStream(Files.java:476)
	at java.base/java.nio.file.FileTreeWalker.visit(FileTreeWalker.java:300)
	at java.base/java.nio.file.FileTreeWalker.next(FileTreeWalker.java:373)
	at java.base/java.nio.file.Files.walkFileTree(Files.java:2840)
	at java.base/java.nio.file.Files.walkFileTree(Files.java:2876)
	at dotty.tools.dotc.interactive.InteractiveDriver.classesFromDir(InteractiveDriver.scala:246)
	at dotty.tools.dotc.interactive.InteractiveDriver.sourceTreesContaining(InteractiveDriver.scala:114)
	at dotty.tools.dotc.interactive.Interactive$.findDefinitions$$anonfun$1(Interactive.scala:366)
	at scala.collection.immutable.List.flatMap(List.scala:293)
	at dotty.tools.dotc.interactive.Interactive$.findDefinitions(Interactive.scala:367)
	at scala.meta.internal.pc.PcDefinitionProvider.findDefinitions(PcDefinitionProvider.scala:76)
	at scala.meta.internal.pc.PcDefinitionProvider.definitions(PcDefinitionProvider.scala:60)
	at scala.meta.internal.pc.ScalaPresentationCompiler.definition$$anonfun$1(ScalaPresentationCompiler.scala:207)
	at scala.meta.internal.pc.CompilerAccess.withSharedCompiler(CompilerAccess.scala:137)
	at scala.meta.internal.pc.CompilerAccess.withNonInterruptableCompiler$$anonfun$1(CompilerAccess.scala:125)
	at scala.meta.internal.pc.CompilerAccess.onCompilerJobQueue$$anonfun$1(CompilerAccess.scala:197)
	at scala.meta.internal.pc.CompilerJobQueue$Job.run(CompilerJobQueue.scala:139)
	at java.base/java.util.concurrent.ThreadPoolExecutor.runWorker(ThreadPoolExecutor.java:1130)
	at java.base/java.util.concurrent.ThreadPoolExecutor$Worker.run(ThreadPoolExecutor.java:630)
	at java.base/java.lang.Thread.run(Thread.java:831)
[0m2021.12.31 10:42:27 WARN  no build target for: /Users/youwin2152/Desktop/李程_2101213055_作业四/代码/PageRank_Spark.scala[0m
[0m2021.12.31 10:43:53 WARN  no build target for: /Users/youwin2152/Desktop/李程_2101213055_作业四/代码/PageRank_Spark.scala[0m
Exception in thread "pool-3-thread-5" java.nio.file.AccessDeniedException: ./.dfx/state/replicated_state/node-100/crypto
	at java.base/sun.nio.fs.UnixException.translateToIOException(UnixException.java:90)
	at java.base/sun.nio.fs.UnixException.rethrowAsIOException(UnixException.java:106)
	at java.base/sun.nio.fs.UnixException.rethrowAsIOException(UnixException.java:111)
	at java.base/sun.nio.fs.UnixFileSystemProvider.newDirectoryStream(UnixFileSystemProvider.java:419)
	at java.base/java.nio.file.Files.newDirectoryStream(Files.java:476)
	at java.base/java.nio.file.FileTreeWalker.visit(FileTreeWalker.java:300)
	at java.base/java.nio.file.FileTreeWalker.next(FileTreeWalker.java:373)
	at java.base/java.nio.file.Files.walkFileTree(Files.java:2840)
	at java.base/java.nio.file.Files.walkFileTree(Files.java:2876)
	at dotty.tools.dotc.interactive.InteractiveDriver.classesFromDir(InteractiveDriver.scala:246)
	at dotty.tools.dotc.interactive.InteractiveDriver.sourceTreesContaining(InteractiveDriver.scala:114)
	at dotty.tools.dotc.interactive.Interactive$.findDefinitions$$anonfun$1(Interactive.scala:366)
	at scala.collection.immutable.List.flatMap(List.scala:293)
	at dotty.tools.dotc.interactive.Interactive$.findDefinitions(Interactive.scala:367)
	at scala.meta.internal.pc.PcDefinitionProvider.findDefinitions(PcDefinitionProvider.scala:76)
	at scala.meta.internal.pc.PcDefinitionProvider.definitions(PcDefinitionProvider.scala:60)
	at scala.meta.internal.pc.ScalaPresentationCompiler.definition$$anonfun$1(ScalaPresentationCompiler.scala:207)
	at scala.meta.internal.pc.CompilerAccess.withSharedCompiler(CompilerAccess.scala:137)
	at scala.meta.internal.pc.CompilerAccess.withNonInterruptableCompiler$$anonfun$1(CompilerAccess.scala:125)
	at scala.meta.internal.pc.CompilerAccess.onCompilerJobQueue$$anonfun$1(CompilerAccess.scala:197)
	at scala.meta.internal.pc.CompilerJobQueue$Job.run(CompilerJobQueue.scala:139)
	at java.base/java.util.concurrent.ThreadPoolExecutor.runWorker(ThreadPoolExecutor.java:1130)
	at java.base/java.util.concurrent.ThreadPoolExecutor$Worker.run(ThreadPoolExecutor.java:630)
	at java.base/java.lang.Thread.run(Thread.java:831)
Exception in thread "pool-3-thread-6" java.nio.file.AccessDeniedException: ./.dfx/state/replicated_state/node-100/crypto
	at java.base/sun.nio.fs.UnixException.translateToIOException(UnixException.java:90)
	at java.base/sun.nio.fs.UnixException.rethrowAsIOException(UnixException.java:106)
	at java.base/sun.nio.fs.UnixException.rethrowAsIOException(UnixException.java:111)
	at java.base/sun.nio.fs.UnixFileSystemProvider.newDirectoryStream(UnixFileSystemProvider.java:419)
	at java.base/java.nio.file.Files.newDirectoryStream(Files.java:476)
	at java.base/java.nio.file.FileTreeWalker.visit(FileTreeWalker.java:300)
	at java.base/java.nio.file.FileTreeWalker.next(FileTreeWalker.java:373)
	at java.base/java.nio.file.Files.walkFileTree(Files.java:2840)
	at java.base/java.nio.file.Files.walkFileTree(Files.java:2876)
	at dotty.tools.dotc.interactive.InteractiveDriver.classesFromDir(InteractiveDriver.scala:246)
	at dotty.tools.dotc.interactive.InteractiveDriver.sourceTreesContaining(InteractiveDriver.scala:114)
	at dotty.tools.dotc.interactive.Interactive$.findDefinitions$$anonfun$1(Interactive.scala:366)
	at scala.collection.immutable.List.flatMap(List.scala:293)
	at dotty.tools.dotc.interactive.Interactive$.findDefinitions(Interactive.scala:367)
	at scala.meta.internal.pc.PcDefinitionProvider.findDefinitions(PcDefinitionProvider.scala:76)
	at scala.meta.internal.pc.PcDefinitionProvider.definitions(PcDefinitionProvider.scala:60)
	at scala.meta.internal.pc.ScalaPresentationCompiler.definition$$anonfun$1(ScalaPresentationCompiler.scala:207)
	at scala.meta.internal.pc.CompilerAccess.withSharedCompiler(CompilerAccess.scala:137)
	at scala.meta.internal.pc.CompilerAccess.withNonInterruptableCompiler$$anonfun$1(CompilerAccess.scala:125)
	at scala.meta.internal.pc.CompilerAccess.onCompilerJobQueue$$anonfun$1(CompilerAccess.scala:197)
	at scala.meta.internal.pc.CompilerJobQueue$Job.run(CompilerJobQueue.scala:139)
	at java.base/java.util.concurrent.ThreadPoolExecutor.runWorker(ThreadPoolExecutor.java:1130)
	at java.base/java.util.concurrent.ThreadPoolExecutor$Worker.run(ThreadPoolExecutor.java:630)
	at java.base/java.lang.Thread.run(Thread.java:831)
[0m2021.12.31 10:46:36 WARN  no build target for: /Users/youwin2152/Desktop/李程_2101213055_作业四/代码/PageRank_Spark.scala[0m
[0m2021.12.31 10:46:44 WARN  no build target for: /Users/youwin2152/Desktop/李程_2101213055_作业四/代码/PageRank_Spark.scala[0m
[0m2021.12.31 10:46:49 WARN  no build target for: /Users/youwin2152/Desktop/李程_2101213055_作业四/代码/PageRank_Spark.scala[0m
[0m2021.12.31 10:46:54 WARN  no build target for: /Users/youwin2152/Desktop/李程_2101213055_作业四/代码/PageRank_Spark.scala[0m
[0m2021.12.31 14:13:30 INFO  shutting down Metals[0m
